c:\users\akathire\documents\pim\work\attendance\git\new folder\cryptopp563\win32\cryptlib\release\cryptlib.pch
c:\users\akathire\documents\pim\work\attendance\git\new folder\cryptopp563\win32\output\release\vc80.pdb
c:\users\akathire\documents\pim\work\attendance\git\new folder\cryptopp563\win32\cryptlib\release\pch.obj
c:\users\akathire\documents\pim\work\attendance\git\new folder\cryptopp563\win32\cryptlib\release\cmac.obj
c:\users\akathire\documents\pim\work\attendance\git\new folder\cryptopp563\win32\cryptlib\release\channels.obj
c:\users\akathire\documents\pim\work\attendance\git\new folder\cryptopp563\win32\cryptlib\release\ccm.obj
c:\users\akathire\documents\pim\work\attendance\git\new folder\cryptopp563\win32\cryptlib\release\cbcmac.obj
c:\users\akathire\documents\pim\work\attendance\git\new folder\cryptopp563\win32\cryptlib\release\casts.obj
c:\users\akathire\documents\pim\work\attendance\git\new folder\cryptopp563\win32\cryptlib\release\cast.obj
c:\users\akathire\documents\pim\work\attendance\git\new folder\cryptopp563\win32\cryptlib\release\camellia.obj
c:\users\akathire\documents\pim\work\attendance\git\new folder\cryptopp563\win32\cryptlib\release\blumshub.obj
c:\users\akathire\documents\pim\work\attendance\git\new folder\cryptopp563\win32\cryptlib\release\blowfish.obj
c:\users\akathire\documents\pim\work\attendance\git\new folder\cryptopp563\win32\cryptlib\release\bfinit.obj
c:\users\akathire\documents\pim\work\attendance\git\new folder\cryptopp563\win32\cryptlib\release\basecode.obj
c:\users\akathire\documents\pim\work\attendance\git\new folder\cryptopp563\win32\cryptlib\release\base64.obj
c:\users\akathire\documents\pim\work\attendance\git\new folder\cryptopp563\win32\cryptlib\release\base32.obj
c:\users\akathire\documents\pim\work\attendance\git\new folder\cryptopp563\win32\cryptlib\release\authenc.obj
c:\users\akathire\documents\pim\work\attendance\git\new folder\cryptopp563\win32\cryptlib\release\asn.obj
c:\users\akathire\documents\pim\work\attendance\git\new folder\cryptopp563\win32\cryptlib\release\arc4.obj
c:\users\akathire\documents\pim\work\attendance\git\new folder\cryptopp563\win32\cryptlib\release\algparam.obj
c:\users\akathire\documents\pim\work\attendance\git\new folder\cryptopp563\win32\cryptlib\release\algebra.obj
c:\users\akathire\documents\pim\work\attendance\git\new folder\cryptopp563\win32\cryptlib\release\adler32.obj
c:\users\akathire\documents\pim\work\attendance\git\new folder\cryptopp563\win32\cryptlib\release\3way.obj
c:\users\akathire\documents\pim\work\attendance\git\new folder\cryptopp563\win32\cryptlib\release\gcm.obj
c:\users\akathire\documents\pim\work\attendance\git\new folder\cryptopp563\win32\cryptlib\release\fipstest.obj
c:\users\akathire\documents\pim\work\attendance\git\new folder\cryptopp563\win32\cryptlib\release\fips140.obj
c:\users\akathire\documents\pim\work\attendance\git\new folder\cryptopp563\win32\cryptlib\release\filters.obj
c:\users\akathire\documents\pim\work\attendance\git\new folder\cryptopp563\win32\cryptlib\release\files.obj
c:\users\akathire\documents\pim\work\attendance\git\new folder\cryptopp563\win32\cryptlib\release\esign.obj
c:\users\akathire\documents\pim\work\attendance\git\new folder\cryptopp563\win32\cryptlib\release\emsa2.obj
c:\users\akathire\documents\pim\work\attendance\git\new folder\cryptopp563\win32\cryptlib\release\elgamal.obj
c:\users\akathire\documents\pim\work\attendance\git\new folder\cryptopp563\win32\cryptlib\release\ecp.obj
c:\users\akathire\documents\pim\work\attendance\git\new folder\cryptopp563\win32\cryptlib\release\ec2n.obj
c:\users\akathire\documents\pim\work\attendance\git\new folder\cryptopp563\win32\cryptlib\release\eax.obj
c:\users\akathire\documents\pim\work\attendance\git\new folder\cryptopp563\win32\cryptlib\release\dsa.obj
c:\users\akathire\documents\pim\work\attendance\git\new folder\cryptopp563\win32\cryptlib\release\dh2.obj
c:\users\akathire\documents\pim\work\attendance\git\new folder\cryptopp563\win32\cryptlib\release\dh.obj
c:\users\akathire\documents\pim\work\attendance\git\new folder\cryptopp563\win32\cryptlib\release\dessp.obj
c:\users\akathire\documents\pim\work\attendance\git\new folder\cryptopp563\win32\cryptlib\release\des.obj
c:\users\akathire\documents\pim\work\attendance\git\new folder\cryptopp563\win32\cryptlib\release\default.obj
c:\users\akathire\documents\pim\work\attendance\git\new folder\cryptopp563\win32\cryptlib\release\cryptlib.obj
c:\users\akathire\documents\pim\work\attendance\git\new folder\cryptopp563\win32\cryptlib\release\crc.obj
c:\users\akathire\documents\pim\work\attendance\git\new folder\cryptopp563\win32\cryptlib\release\cpu.obj
c:\users\akathire\documents\pim\work\attendance\git\new folder\cryptopp563\win32\cryptlib\release\modes.obj
c:\users\akathire\documents\pim\work\attendance\git\new folder\cryptopp563\win32\cryptlib\release\misc.obj
c:\users\akathire\documents\pim\work\attendance\git\new folder\cryptopp563\win32\cryptlib\release\md5.obj
c:\users\akathire\documents\pim\work\attendance\git\new folder\cryptopp563\win32\cryptlib\release\md4.obj
c:\users\akathire\documents\pim\work\attendance\git\new folder\cryptopp563\win32\cryptlib\release\md2.obj
c:\users\akathire\documents\pim\work\attendance\git\new folder\cryptopp563\win32\cryptlib\release\marss.obj
c:\users\akathire\documents\pim\work\attendance\git\new folder\cryptopp563\win32\cryptlib\release\mars.obj
c:\users\akathire\documents\pim\work\attendance\git\new folder\cryptopp563\win32\cryptlib\release\luc.obj
c:\users\akathire\documents\pim\work\attendance\git\new folder\cryptopp563\win32\cryptlib\release\integer.obj
c:\users\akathire\documents\pim\work\attendance\git\new folder\cryptopp563\win32\cryptlib\release\idea.obj
c:\users\akathire\documents\pim\work\attendance\git\new folder\cryptopp563\win32\cryptlib\release\ida.obj
c:\users\akathire\documents\pim\work\attendance\git\new folder\cryptopp563\win32\cryptlib\release\hrtimer.obj
c:\users\akathire\documents\pim\work\attendance\git\new folder\cryptopp563\win32\cryptlib\release\hmac.obj
c:\users\akathire\documents\pim\work\attendance\git\new folder\cryptopp563\win32\cryptlib\release\hex.obj
c:\users\akathire\documents\pim\work\attendance\git\new folder\cryptopp563\win32\cryptlib\release\gzip.obj
c:\users\akathire\documents\pim\work\attendance\git\new folder\cryptopp563\win32\cryptlib\release\gost.obj
c:\users\akathire\documents\pim\work\attendance\git\new folder\cryptopp563\win32\cryptlib\release\gfpcrypt.obj
c:\users\akathire\documents\pim\work\attendance\git\new folder\cryptopp563\win32\cryptlib\release\gf2_32.obj
c:\users\akathire\documents\pim\work\attendance\git\new folder\cryptopp563\win32\cryptlib\release\gf2n.obj
c:\users\akathire\documents\pim\work\attendance\git\new folder\cryptopp563\win32\cryptlib\release\gf256.obj
c:\users\akathire\documents\pim\work\attendance\git\new folder\cryptopp563\win32\cryptlib\release\rijndael.obj
c:\users\akathire\documents\pim\work\attendance\git\new folder\cryptopp563\win32\cryptlib\release\rdtables.obj
c:\users\akathire\documents\pim\work\attendance\git\new folder\cryptopp563\win32\cryptlib\release\rdrand.obj
c:\users\akathire\documents\pim\work\attendance\git\new folder\cryptopp563\win32\cryptlib\release\rc6.obj
c:\users\akathire\documents\pim\work\attendance\git\new folder\cryptopp563\win32\cryptlib\release\rc5.obj
c:\users\akathire\documents\pim\work\attendance\git\new folder\cryptopp563\win32\cryptlib\release\rc2.obj
c:\users\akathire\documents\pim\work\attendance\git\new folder\cryptopp563\win32\cryptlib\release\randpool.obj
c:\users\akathire\documents\pim\work\attendance\git\new folder\cryptopp563\win32\cryptlib\release\rabin.obj
c:\users\akathire\documents\pim\work\attendance\git\new folder\cryptopp563\win32\cryptlib\release\queue.obj
c:\users\akathire\documents\pim\work\attendance\git\new folder\cryptopp563\win32\cryptlib\release\pubkey.obj
c:\users\akathire\documents\pim\work\attendance\git\new folder\cryptopp563\win32\cryptlib\release\pssr.obj
c:\users\akathire\documents\pim\work\attendance\git\new folder\cryptopp563\win32\cryptlib\release\polynomi.obj
c:\users\akathire\documents\pim\work\attendance\git\new folder\cryptopp563\win32\cryptlib\release\pkcspad.obj
c:\users\akathire\documents\pim\work\attendance\git\new folder\cryptopp563\win32\cryptlib\release\panama.obj
c:\users\akathire\documents\pim\work\attendance\git\new folder\cryptopp563\win32\cryptlib\release\osrng.obj
c:\users\akathire\documents\pim\work\attendance\git\new folder\cryptopp563\win32\cryptlib\release\oaep.obj
c:\users\akathire\documents\pim\work\attendance\git\new folder\cryptopp563\win32\cryptlib\release\network.obj
c:\users\akathire\documents\pim\work\attendance\git\new folder\cryptopp563\win32\cryptlib\release\nbtheory.obj
c:\users\akathire\documents\pim\work\attendance\git\new folder\cryptopp563\win32\cryptlib\release\mqv.obj
c:\users\akathire\documents\pim\work\attendance\git\new folder\cryptopp563\win32\cryptlib\release\mqueue.obj
c:\users\akathire\documents\pim\work\attendance\git\new folder\cryptopp563\win32\cryptlib\release\squaretb.obj
c:\users\akathire\documents\pim\work\attendance\git\new folder\cryptopp563\win32\cryptlib\release\square.obj
c:\users\akathire\documents\pim\work\attendance\git\new folder\cryptopp563\win32\cryptlib\release\sosemanuk.obj
c:\users\akathire\documents\pim\work\attendance\git\new folder\cryptopp563\win32\cryptlib\release\socketft.obj
c:\users\akathire\documents\pim\work\attendance\git\new folder\cryptopp563\win32\cryptlib\release\skipjack.obj
c:\users\akathire\documents\pim\work\attendance\git\new folder\cryptopp563\win32\cryptlib\release\simple.obj
c:\users\akathire\documents\pim\work\attendance\git\new folder\cryptopp563\win32\cryptlib\release\sharkbox.obj
c:\users\akathire\documents\pim\work\attendance\git\new folder\cryptopp563\win32\cryptlib\release\shark.obj
c:\users\akathire\documents\pim\work\attendance\git\new folder\cryptopp563\win32\cryptlib\release\shacal2.obj
c:\users\akathire\documents\pim\work\attendance\git\new folder\cryptopp563\win32\cryptlib\release\sha3.obj
c:\users\akathire\documents\pim\work\attendance\git\new folder\cryptopp563\win32\cryptlib\release\sha.obj
c:\users\akathire\documents\pim\work\attendance\git\new folder\cryptopp563\win32\cryptlib\release\serpent.obj
c:\users\akathire\documents\pim\work\attendance\git\new folder\cryptopp563\win32\cryptlib\release\seed.obj
c:\users\akathire\documents\pim\work\attendance\git\new folder\cryptopp563\win32\cryptlib\release\seal.obj
c:\users\akathire\documents\pim\work\attendance\git\new folder\cryptopp563\win32\cryptlib\release\salsa.obj
c:\users\akathire\documents\pim\work\attendance\git\new folder\cryptopp563\win32\cryptlib\release\safer.obj
c:\users\akathire\documents\pim\work\attendance\git\new folder\cryptopp563\win32\cryptlib\release\rw.obj
c:\users\akathire\documents\pim\work\attendance\git\new folder\cryptopp563\win32\cryptlib\release\rsa.obj
c:\users\akathire\documents\pim\work\attendance\git\new folder\cryptopp563\win32\cryptlib\release\rng.obj
c:\users\akathire\documents\pim\work\attendance\git\new folder\cryptopp563\win32\cryptlib\release\ripemd.obj
c:\users\akathire\documents\pim\work\attendance\git\new folder\cryptopp563\win32\cryptlib\release\zlib.obj
c:\users\akathire\documents\pim\work\attendance\git\new folder\cryptopp563\win32\cryptlib\release\zinflate.obj
c:\users\akathire\documents\pim\work\attendance\git\new folder\cryptopp563\win32\cryptlib\release\zdeflate.obj
c:\users\akathire\documents\pim\work\attendance\git\new folder\cryptopp563\win32\cryptlib\release\xtrcrypt.obj
c:\users\akathire\documents\pim\work\attendance\git\new folder\cryptopp563\win32\cryptlib\release\xtr.obj
c:\users\akathire\documents\pim\work\attendance\git\new folder\cryptopp563\win32\cryptlib\release\winpipes.obj
c:\users\akathire\documents\pim\work\attendance\git\new folder\cryptopp563\win32\cryptlib\release\whrlpool.obj
c:\users\akathire\documents\pim\work\attendance\git\new folder\cryptopp563\win32\cryptlib\release\wake.obj
c:\users\akathire\documents\pim\work\attendance\git\new folder\cryptopp563\win32\cryptlib\release\wait.obj
c:\users\akathire\documents\pim\work\attendance\git\new folder\cryptopp563\win32\cryptlib\release\vmac.obj
c:\users\akathire\documents\pim\work\attendance\git\new folder\cryptopp563\win32\cryptlib\release\twofish.obj
c:\users\akathire\documents\pim\work\attendance\git\new folder\cryptopp563\win32\cryptlib\release\ttmac.obj
c:\users\akathire\documents\pim\work\attendance\git\new folder\cryptopp563\win32\cryptlib\release\trdlocal.obj
c:\users\akathire\documents\pim\work\attendance\git\new folder\cryptopp563\win32\cryptlib\release\tigertab.obj
c:\users\akathire\documents\pim\work\attendance\git\new folder\cryptopp563\win32\cryptlib\release\tiger.obj
c:\users\akathire\documents\pim\work\attendance\git\new folder\cryptopp563\win32\cryptlib\release\tftables.obj
c:\users\akathire\documents\pim\work\attendance\git\new folder\cryptopp563\win32\cryptlib\release\tea.obj
c:\users\akathire\documents\pim\work\attendance\git\new folder\cryptopp563\win32\cryptlib\release\strciphr.obj
c:\users\akathire\documents\pim\work\attendance\git\new folder\cryptopp563\win32\cryptlib\release\iterhash.obj
c:\users\akathire\documents\pim\work\attendance\git\new folder\cryptopp563\win32\cryptlib\release\dll.obj
c:\users\akathire\documents\pim\work\attendance\git\new folder\cryptopp563\adhoc.cpp.copied
c:\users\akathire\documents\pim\work\attendance\git\new folder\cryptopp563\win32\cryptlib\release\rdrand-x86.obj
c:\users\akathire\documents\pim\work\attendance\git\new folder\cryptopp563\win32\output\release\cryptlib.lib
c:\users\akathire\documents\pim\work\attendance\git\new folder\cryptopp563\win32\cryptlib\release\cryptlib.tlog\cl.command.1.tlog
c:\users\akathire\documents\pim\work\attendance\git\new folder\cryptopp563\win32\cryptlib\release\cryptlib.tlog\cl.read.1.tlog
c:\users\akathire\documents\pim\work\attendance\git\new folder\cryptopp563\win32\cryptlib\release\cryptlib.tlog\cl.write.1.tlog
c:\users\akathire\documents\pim\work\attendance\git\new folder\cryptopp563\win32\cryptlib\release\cryptlib.tlog\custombuild.command.1.tlog
c:\users\akathire\documents\pim\work\attendance\git\new folder\cryptopp563\win32\cryptlib\release\cryptlib.tlog\custombuild.read.1.tlog
c:\users\akathire\documents\pim\work\attendance\git\new folder\cryptopp563\win32\cryptlib\release\cryptlib.tlog\custombuild.write.1.tlog
c:\users\akathire\documents\pim\work\attendance\git\new folder\cryptopp563\win32\cryptlib\release\cryptlib.tlog\lib-link.read.1.tlog
c:\users\akathire\documents\pim\work\attendance\git\new folder\cryptopp563\win32\cryptlib\release\cryptlib.tlog\lib-link.write.1.tlog
c:\users\akathire\documents\pim\work\attendance\git\new folder\cryptopp563\win32\cryptlib\release\cryptlib.tlog\lib.command.1.tlog
