c:\users\akathire\documents\pim\work\attendance\git\new folder\cryptopp563\win32\cryptlib\debug\cryptlib.pch
c:\users\akathire\documents\pim\work\attendance\git\new folder\cryptopp563\win32\output\debug\vc80.pdb
c:\users\akathire\documents\pim\work\attendance\git\new folder\cryptopp563\win32\cryptlib\debug\pch.obj
c:\users\akathire\documents\pim\work\attendance\git\new folder\cryptopp563\win32\cryptlib\debug\cmac.obj
c:\users\akathire\documents\pim\work\attendance\git\new folder\cryptopp563\win32\cryptlib\debug\channels.obj
c:\users\akathire\documents\pim\work\attendance\git\new folder\cryptopp563\win32\cryptlib\debug\ccm.obj
c:\users\akathire\documents\pim\work\attendance\git\new folder\cryptopp563\win32\cryptlib\debug\cbcmac.obj
c:\users\akathire\documents\pim\work\attendance\git\new folder\cryptopp563\win32\cryptlib\debug\casts.obj
c:\users\akathire\documents\pim\work\attendance\git\new folder\cryptopp563\win32\cryptlib\debug\cast.obj
c:\users\akathire\documents\pim\work\attendance\git\new folder\cryptopp563\win32\cryptlib\debug\camellia.obj
c:\users\akathire\documents\pim\work\attendance\git\new folder\cryptopp563\win32\cryptlib\debug\blumshub.obj
c:\users\akathire\documents\pim\work\attendance\git\new folder\cryptopp563\win32\cryptlib\debug\blowfish.obj
c:\users\akathire\documents\pim\work\attendance\git\new folder\cryptopp563\win32\cryptlib\debug\bfinit.obj
c:\users\akathire\documents\pim\work\attendance\git\new folder\cryptopp563\win32\cryptlib\debug\basecode.obj
c:\users\akathire\documents\pim\work\attendance\git\new folder\cryptopp563\win32\cryptlib\debug\base64.obj
c:\users\akathire\documents\pim\work\attendance\git\new folder\cryptopp563\win32\cryptlib\debug\base32.obj
c:\users\akathire\documents\pim\work\attendance\git\new folder\cryptopp563\win32\cryptlib\debug\authenc.obj
c:\users\akathire\documents\pim\work\attendance\git\new folder\cryptopp563\win32\cryptlib\debug\asn.obj
c:\users\akathire\documents\pim\work\attendance\git\new folder\cryptopp563\win32\cryptlib\debug\arc4.obj
c:\users\akathire\documents\pim\work\attendance\git\new folder\cryptopp563\win32\cryptlib\debug\algparam.obj
c:\users\akathire\documents\pim\work\attendance\git\new folder\cryptopp563\win32\cryptlib\debug\algebra.obj
c:\users\akathire\documents\pim\work\attendance\git\new folder\cryptopp563\win32\cryptlib\debug\adler32.obj
c:\users\akathire\documents\pim\work\attendance\git\new folder\cryptopp563\win32\cryptlib\debug\3way.obj
c:\users\akathire\documents\pim\work\attendance\git\new folder\cryptopp563\win32\cryptlib\debug\gcm.obj
c:\users\akathire\documents\pim\work\attendance\git\new folder\cryptopp563\win32\cryptlib\debug\fipstest.obj
c:\users\akathire\documents\pim\work\attendance\git\new folder\cryptopp563\win32\cryptlib\debug\fips140.obj
c:\users\akathire\documents\pim\work\attendance\git\new folder\cryptopp563\win32\cryptlib\debug\filters.obj
c:\users\akathire\documents\pim\work\attendance\git\new folder\cryptopp563\win32\cryptlib\debug\files.obj
c:\users\akathire\documents\pim\work\attendance\git\new folder\cryptopp563\win32\cryptlib\debug\esign.obj
c:\users\akathire\documents\pim\work\attendance\git\new folder\cryptopp563\win32\cryptlib\debug\emsa2.obj
c:\users\akathire\documents\pim\work\attendance\git\new folder\cryptopp563\win32\cryptlib\debug\elgamal.obj
c:\users\akathire\documents\pim\work\attendance\git\new folder\cryptopp563\win32\cryptlib\debug\ecp.obj
c:\users\akathire\documents\pim\work\attendance\git\new folder\cryptopp563\win32\cryptlib\debug\ec2n.obj
c:\users\akathire\documents\pim\work\attendance\git\new folder\cryptopp563\win32\cryptlib\debug\eax.obj
c:\users\akathire\documents\pim\work\attendance\git\new folder\cryptopp563\win32\cryptlib\debug\dsa.obj
c:\users\akathire\documents\pim\work\attendance\git\new folder\cryptopp563\win32\cryptlib\debug\dh2.obj
c:\users\akathire\documents\pim\work\attendance\git\new folder\cryptopp563\win32\cryptlib\debug\dh.obj
c:\users\akathire\documents\pim\work\attendance\git\new folder\cryptopp563\win32\cryptlib\debug\dessp.obj
c:\users\akathire\documents\pim\work\attendance\git\new folder\cryptopp563\win32\cryptlib\debug\des.obj
c:\users\akathire\documents\pim\work\attendance\git\new folder\cryptopp563\win32\cryptlib\debug\default.obj
c:\users\akathire\documents\pim\work\attendance\git\new folder\cryptopp563\win32\cryptlib\debug\cryptlib.obj
c:\users\akathire\documents\pim\work\attendance\git\new folder\cryptopp563\win32\cryptlib\debug\crc.obj
c:\users\akathire\documents\pim\work\attendance\git\new folder\cryptopp563\win32\cryptlib\debug\cpu.obj
c:\users\akathire\documents\pim\work\attendance\git\new folder\cryptopp563\win32\cryptlib\debug\modes.obj
c:\users\akathire\documents\pim\work\attendance\git\new folder\cryptopp563\win32\cryptlib\debug\misc.obj
c:\users\akathire\documents\pim\work\attendance\git\new folder\cryptopp563\win32\cryptlib\debug\md5.obj
c:\users\akathire\documents\pim\work\attendance\git\new folder\cryptopp563\win32\cryptlib\debug\md4.obj
c:\users\akathire\documents\pim\work\attendance\git\new folder\cryptopp563\win32\cryptlib\debug\md2.obj
c:\users\akathire\documents\pim\work\attendance\git\new folder\cryptopp563\win32\cryptlib\debug\marss.obj
c:\users\akathire\documents\pim\work\attendance\git\new folder\cryptopp563\win32\cryptlib\debug\mars.obj
c:\users\akathire\documents\pim\work\attendance\git\new folder\cryptopp563\win32\cryptlib\debug\luc.obj
c:\users\akathire\documents\pim\work\attendance\git\new folder\cryptopp563\win32\cryptlib\debug\integer.obj
c:\users\akathire\documents\pim\work\attendance\git\new folder\cryptopp563\win32\cryptlib\debug\idea.obj
c:\users\akathire\documents\pim\work\attendance\git\new folder\cryptopp563\win32\cryptlib\debug\ida.obj
c:\users\akathire\documents\pim\work\attendance\git\new folder\cryptopp563\win32\cryptlib\debug\hrtimer.obj
c:\users\akathire\documents\pim\work\attendance\git\new folder\cryptopp563\win32\cryptlib\debug\hmac.obj
c:\users\akathire\documents\pim\work\attendance\git\new folder\cryptopp563\win32\cryptlib\debug\hex.obj
c:\users\akathire\documents\pim\work\attendance\git\new folder\cryptopp563\win32\cryptlib\debug\gzip.obj
c:\users\akathire\documents\pim\work\attendance\git\new folder\cryptopp563\win32\cryptlib\debug\gost.obj
c:\users\akathire\documents\pim\work\attendance\git\new folder\cryptopp563\win32\cryptlib\debug\gfpcrypt.obj
c:\users\akathire\documents\pim\work\attendance\git\new folder\cryptopp563\win32\cryptlib\debug\gf2_32.obj
c:\users\akathire\documents\pim\work\attendance\git\new folder\cryptopp563\win32\cryptlib\debug\gf2n.obj
c:\users\akathire\documents\pim\work\attendance\git\new folder\cryptopp563\win32\cryptlib\debug\gf256.obj
c:\users\akathire\documents\pim\work\attendance\git\new folder\cryptopp563\win32\cryptlib\debug\rijndael.obj
c:\users\akathire\documents\pim\work\attendance\git\new folder\cryptopp563\win32\cryptlib\debug\rdtables.obj
c:\users\akathire\documents\pim\work\attendance\git\new folder\cryptopp563\win32\cryptlib\debug\rdrand.obj
c:\users\akathire\documents\pim\work\attendance\git\new folder\cryptopp563\win32\cryptlib\debug\rc6.obj
c:\users\akathire\documents\pim\work\attendance\git\new folder\cryptopp563\win32\cryptlib\debug\rc5.obj
c:\users\akathire\documents\pim\work\attendance\git\new folder\cryptopp563\win32\cryptlib\debug\rc2.obj
c:\users\akathire\documents\pim\work\attendance\git\new folder\cryptopp563\win32\cryptlib\debug\randpool.obj
c:\users\akathire\documents\pim\work\attendance\git\new folder\cryptopp563\win32\cryptlib\debug\rabin.obj
c:\users\akathire\documents\pim\work\attendance\git\new folder\cryptopp563\win32\cryptlib\debug\queue.obj
c:\users\akathire\documents\pim\work\attendance\git\new folder\cryptopp563\win32\cryptlib\debug\pubkey.obj
c:\users\akathire\documents\pim\work\attendance\git\new folder\cryptopp563\win32\cryptlib\debug\pssr.obj
c:\users\akathire\documents\pim\work\attendance\git\new folder\cryptopp563\win32\cryptlib\debug\polynomi.obj
c:\users\akathire\documents\pim\work\attendance\git\new folder\cryptopp563\win32\cryptlib\debug\pkcspad.obj
c:\users\akathire\documents\pim\work\attendance\git\new folder\cryptopp563\win32\cryptlib\debug\panama.obj
c:\users\akathire\documents\pim\work\attendance\git\new folder\cryptopp563\win32\cryptlib\debug\osrng.obj
c:\users\akathire\documents\pim\work\attendance\git\new folder\cryptopp563\win32\cryptlib\debug\oaep.obj
c:\users\akathire\documents\pim\work\attendance\git\new folder\cryptopp563\win32\cryptlib\debug\network.obj
c:\users\akathire\documents\pim\work\attendance\git\new folder\cryptopp563\win32\cryptlib\debug\nbtheory.obj
c:\users\akathire\documents\pim\work\attendance\git\new folder\cryptopp563\win32\cryptlib\debug\mqv.obj
c:\users\akathire\documents\pim\work\attendance\git\new folder\cryptopp563\win32\cryptlib\debug\mqueue.obj
c:\users\akathire\documents\pim\work\attendance\git\new folder\cryptopp563\win32\cryptlib\debug\squaretb.obj
c:\users\akathire\documents\pim\work\attendance\git\new folder\cryptopp563\win32\cryptlib\debug\square.obj
c:\users\akathire\documents\pim\work\attendance\git\new folder\cryptopp563\win32\cryptlib\debug\sosemanuk.obj
c:\users\akathire\documents\pim\work\attendance\git\new folder\cryptopp563\win32\cryptlib\debug\socketft.obj
c:\users\akathire\documents\pim\work\attendance\git\new folder\cryptopp563\win32\cryptlib\debug\skipjack.obj
c:\users\akathire\documents\pim\work\attendance\git\new folder\cryptopp563\win32\cryptlib\debug\simple.obj
c:\users\akathire\documents\pim\work\attendance\git\new folder\cryptopp563\win32\cryptlib\debug\sharkbox.obj
c:\users\akathire\documents\pim\work\attendance\git\new folder\cryptopp563\win32\cryptlib\debug\shark.obj
c:\users\akathire\documents\pim\work\attendance\git\new folder\cryptopp563\win32\cryptlib\debug\shacal2.obj
c:\users\akathire\documents\pim\work\attendance\git\new folder\cryptopp563\win32\cryptlib\debug\sha3.obj
c:\users\akathire\documents\pim\work\attendance\git\new folder\cryptopp563\win32\cryptlib\debug\sha.obj
c:\users\akathire\documents\pim\work\attendance\git\new folder\cryptopp563\win32\cryptlib\debug\serpent.obj
c:\users\akathire\documents\pim\work\attendance\git\new folder\cryptopp563\win32\cryptlib\debug\seed.obj
c:\users\akathire\documents\pim\work\attendance\git\new folder\cryptopp563\win32\cryptlib\debug\seal.obj
c:\users\akathire\documents\pim\work\attendance\git\new folder\cryptopp563\win32\cryptlib\debug\salsa.obj
c:\users\akathire\documents\pim\work\attendance\git\new folder\cryptopp563\win32\cryptlib\debug\safer.obj
c:\users\akathire\documents\pim\work\attendance\git\new folder\cryptopp563\win32\cryptlib\debug\rw.obj
c:\users\akathire\documents\pim\work\attendance\git\new folder\cryptopp563\win32\cryptlib\debug\rsa.obj
c:\users\akathire\documents\pim\work\attendance\git\new folder\cryptopp563\win32\cryptlib\debug\rng.obj
c:\users\akathire\documents\pim\work\attendance\git\new folder\cryptopp563\win32\cryptlib\debug\ripemd.obj
c:\users\akathire\documents\pim\work\attendance\git\new folder\cryptopp563\win32\cryptlib\debug\zlib.obj
c:\users\akathire\documents\pim\work\attendance\git\new folder\cryptopp563\win32\cryptlib\debug\zinflate.obj
c:\users\akathire\documents\pim\work\attendance\git\new folder\cryptopp563\win32\cryptlib\debug\zdeflate.obj
c:\users\akathire\documents\pim\work\attendance\git\new folder\cryptopp563\win32\cryptlib\debug\xtrcrypt.obj
c:\users\akathire\documents\pim\work\attendance\git\new folder\cryptopp563\win32\cryptlib\debug\xtr.obj
c:\users\akathire\documents\pim\work\attendance\git\new folder\cryptopp563\win32\cryptlib\debug\winpipes.obj
c:\users\akathire\documents\pim\work\attendance\git\new folder\cryptopp563\win32\cryptlib\debug\whrlpool.obj
c:\users\akathire\documents\pim\work\attendance\git\new folder\cryptopp563\win32\cryptlib\debug\wake.obj
c:\users\akathire\documents\pim\work\attendance\git\new folder\cryptopp563\win32\cryptlib\debug\wait.obj
c:\users\akathire\documents\pim\work\attendance\git\new folder\cryptopp563\win32\cryptlib\debug\vmac.obj
c:\users\akathire\documents\pim\work\attendance\git\new folder\cryptopp563\win32\cryptlib\debug\twofish.obj
c:\users\akathire\documents\pim\work\attendance\git\new folder\cryptopp563\win32\cryptlib\debug\ttmac.obj
c:\users\akathire\documents\pim\work\attendance\git\new folder\cryptopp563\win32\cryptlib\debug\trdlocal.obj
c:\users\akathire\documents\pim\work\attendance\git\new folder\cryptopp563\win32\cryptlib\debug\tigertab.obj
c:\users\akathire\documents\pim\work\attendance\git\new folder\cryptopp563\win32\cryptlib\debug\tiger.obj
c:\users\akathire\documents\pim\work\attendance\git\new folder\cryptopp563\win32\cryptlib\debug\tftables.obj
c:\users\akathire\documents\pim\work\attendance\git\new folder\cryptopp563\win32\cryptlib\debug\tea.obj
c:\users\akathire\documents\pim\work\attendance\git\new folder\cryptopp563\win32\cryptlib\debug\strciphr.obj
c:\users\akathire\documents\pim\work\attendance\git\new folder\cryptopp563\win32\cryptlib\debug\iterhash.obj
c:\users\akathire\documents\pim\work\attendance\git\new folder\cryptopp563\win32\cryptlib\debug\dll.obj
c:\users\akathire\documents\pim\work\attendance\git\new folder\cryptopp563\adhoc.cpp.copied
c:\users\akathire\documents\pim\work\attendance\git\new folder\cryptopp563\win32\cryptlib\debug\rdrand-x86.obj
c:\users\akathire\documents\pim\work\attendance\git\new folder\cryptopp563\win32\output\debug\cryptlib.lib
c:\users\akathire\documents\pim\work\attendance\git\new folder\cryptopp563\win32\cryptlib\debug\cryptlib.tlog\cl.command.1.tlog
c:\users\akathire\documents\pim\work\attendance\git\new folder\cryptopp563\win32\cryptlib\debug\cryptlib.tlog\cl.read.1.tlog
c:\users\akathire\documents\pim\work\attendance\git\new folder\cryptopp563\win32\cryptlib\debug\cryptlib.tlog\cl.write.1.tlog
c:\users\akathire\documents\pim\work\attendance\git\new folder\cryptopp563\win32\cryptlib\debug\cryptlib.tlog\custombuild.command.1.tlog
c:\users\akathire\documents\pim\work\attendance\git\new folder\cryptopp563\win32\cryptlib\debug\cryptlib.tlog\custombuild.read.1.tlog
c:\users\akathire\documents\pim\work\attendance\git\new folder\cryptopp563\win32\cryptlib\debug\cryptlib.tlog\custombuild.write.1.tlog
c:\users\akathire\documents\pim\work\attendance\git\new folder\cryptopp563\win32\cryptlib\debug\cryptlib.tlog\lib-link.read.1.tlog
c:\users\akathire\documents\pim\work\attendance\git\new folder\cryptopp563\win32\cryptlib\debug\cryptlib.tlog\lib-link.write.1.tlog
c:\users\akathire\documents\pim\work\attendance\git\new folder\cryptopp563\win32\cryptlib\debug\cryptlib.tlog\lib.command.1.tlog
